Arguments: 
  C:\Program Files\nodejs\node.exe C:\Users\HP\AppData\Roaming\npm\node_modules\yarn\bin\yarn.js add moment-timezone

PATH: 
  C:\Python310\Scripts\;C:\Python310\;C:\Users\HP\AppData\Local\Programs\Python\Python39\Scripts\;C:\Users\HP\AppData\Local\Programs\Python\Python39\;C:\Program Files (x86)\Common Files\Oracle\Java\javapath;C:\WINDOWS\system32;C:\WINDOWS;C:\WINDOWS\System32\Wbem;C:\WINDOWS\System32\WindowsPowerShell\v1.0\;C:\WINDOWS\System32\OpenSSH\;C:\MinGW\bin;C:\ProgramData\chocolatey\bin;C:\Program Files\PuTTY\;C:\Program Files\MATLAB\R2021b\bin;C:\Program Files\dotnet\;C:\Program Files\Git\cmd;C:\Program Files\nodejs\;C:\Program Files\doctl\;C:\Program Files\MEGA11;C:\Program Files\Docker\Docker\resources\bin;C:\WINDOWS\system32;C:\WINDOWS;C:\WINDOWS\System32\Wbem;C:\WINDOWS\System32\WindowsPowerShell\v1.0\;C:\WINDOWS\System32\OpenSSH\;D:\Anaconda;D:\Anaconda\Library\mingw-w64\bin;D:\Anaconda\Library\usr\bin;D:\Anaconda\Library\bin;D:\Anaconda\Scripts;C:\Users\HP\scoop\shims;C:\Users\HP\Desktop\python\Scripts\;C:\Users\HP\Desktop\python\;C:\Users\HP\AppData\Local\Microsoft\WindowsApps;C:\Users\HP\AppData\Local\Programs\Microsoft VS Code\bin;C:\Program Files (x86)\heroku\bin;C:\Program Files\PostgreSQL\11\bin\;C:\Users\HP\AppData\Roaming\npm;D:\Python\;C:\Users\HP\AppData\Local\Microsoft\WindowsApps

Yarn version: 
  1.22.10

Node version: 
  16.15.1

Platform: 
  win32 x64

Trace: 
  Error: EPERM: operation not permitted, copyfile 'C:\Users\HP\AppData\Local\Yarn\Cache\v6\npm-aws-sdk-2.1285.0-4dd68cf35df891c96ef45929b7242a8ba7008299-integrity\node_modules\aws-sdk\clients\comprehendmedical.js' -> 'D:\'23\shaastra-general-website-23\node_modules\aws-sdk\clients\comprehendmedical.js'

npm manifest: 
  {
    "name": "shaastra-main",
    "version": "0.1.0",
    "private": true,
    "dependencies": {
      "@apollo/client": "^3.7.2",
      "@chakra-ui/icons": "^1.0.13",
      "@chakra-ui/react": "^1.8.9",
      "@chakra-ui/system": "^2.3.5",
      "@chakra-ui/theme-tools": "^2.0.14",
      "@coreui/coreui": "^4.2.4",
      "@coreui/react": "^4.4.1",
      "@emotion/react": "^11.10.5",
      "@emotion/styled": "^11.10.5",
      "@react-icons/all-files": "^4.1.0",
      "@testing-library/jest-dom": "^5.16.5",
      "@testing-library/react": "^13.4.0",
      "@testing-library/user-event": "^13.5.0",
      "@types/jest": "^26.0.23",
      "@types/node": "^15.12.2",
      "@types/react": "^17.0.11",
      "@types/react-dom": "^17.0.7",
      "@types/react-router-dom": "^5.1.7",
      "antd": "^4.23.6",
      "aws-sdk": "^2.1277.0",
      "bootstrap": "^5.2.0",
      "dotenv": "^16.0.3",
      "framer-motion": "^4.1.17",
      "graphql": "^16.6.0",
      "moment": "^2.29.4",
      "moment-timezone": "^0.5.40",
      "react": "^18.2.0",
      "react-bootstrap": "^2.4.0",
      "react-dom": "^18.2.0",
      "react-icons": "^4.7.1",
      "react-onclickoutside": "^6.12.2",
      "react-router-dom": "^6.4.5",
      "react-scripts": "5.0.1",
      "sass": "^1.57.1",
      "swiper": "^8.4.3",
      "swiper.js": "^1.0.0",
      "typescript": "^3.9.5",
      "uikit": "^3.15.19",
      "vanilla-tilt": "^1.7.2",
      "web-vitals": "^0.2.2"
    },
    "scripts": {
      "start": "react-scripts start",
      "build": "react-scripts build",
      "test": "react-scripts test",
      "eject": "react-scripts eject"
    },
    "eslintConfig": {
      "extends": [
        "react-app",
        "react-app/jest"
      ]
    },
    "browserslist": {
      "production": [
        ">0.2%",
        "not dead",
        "not op_mini all"
      ],
      "development": [
        "last 1 chrome version",
        "last 1 firefox version",
        "last 1 safari version"
      ]
    },
    "devDependencies": {
      "webpack": "^5.75.0"
    }
  }

yarn manifest: 
  No manifest

Lockfile: 
  No lockfile
